<?xml version="1.0" encoding="UTF-8"?>
<!-- Generated by org.testng.reporters.JUnitReportReporter -->
<testsuite hostname="DESKTOP-U1E63HT" failures="0" tests="1" name="com.hospitality.qa.testcases.TestRochBookingPageTest" time="110.865" errors="0" timestamp="27 Jul 2020 12:35:34 GMT" skipped="0">
  <testcase classname="com.hospitality.qa.testcases.TestRochBookingPageTest" name="SearchHotel" time="110.865"/>
</testsuite> <!-- com.hospitality.qa.testcases.TestRochBookingPageTest -->
